<?xml version="1.0" encoding="UTF-8"?>
<coverage generated="1736259851">
  <project timestamp="1736259851">
    <package name="ATProto\Core\CBOR">
      <file name="/var/www/php/packages/atproto/atproto_core/src/CBOR/CBOR.php">
        <class name="ATProto\Core\CBOR\CBOR" namespace="ATProto\Core\CBOR">
          <metrics complexity="3" methods="2" coveredmethods="1" conditionals="0" coveredconditionals="0" statements="5" coveredstatements="4" elements="7" coveredelements="5"/>
        </class>
        <line num="18" type="method" name="encode" visibility="public" complexity="2" crap="2.06" count="2"/>
        <line num="20" type="stmt" count="2"/>
        <line num="21" type="stmt" count="2"/>
        <line num="22" type="stmt" count="2"/>
        <line num="26" type="stmt" count="0"/>
        <line num="29" type="method" name="decode" visibility="public" complexity="1" crap="1" count="2"/>
        <line num="31" type="stmt" count="2"/>
        <metrics loc="34" ncloc="26" classes="1" methods="2" coveredmethods="1" conditionals="0" coveredconditionals="0" statements="5" coveredstatements="4" elements="7" coveredelements="5"/>
      </file>
    </package>
    <package name="ATProto\Core\CBOR\MajorTypes">
      <file name="/var/www/php/packages/atproto/atproto_core/src/CBOR/MajorTypes/UnsignedInteger.php">
        <class name="ATProto\Core\CBOR\MajorTypes\UnsignedInteger" namespace="ATProto\Core\CBOR\MajorTypes">
          <metrics complexity="14" methods="2" coveredmethods="0" conditionals="0" coveredconditionals="0" statements="32" coveredstatements="30" elements="34" coveredelements="30"/>
        </class>
        <line num="18" type="method" name="decode" visibility="public" complexity="8" crap="8.01" count="113"/>
        <line num="20" type="stmt" count="113"/>
        <line num="21" type="stmt" count="113"/>
        <line num="22" type="stmt" count="113"/>
        <line num="24" type="stmt" count="113"/>
        <line num="25" type="stmt" count="100"/>
        <line num="28" type="stmt" count="13"/>
        <line num="29" type="stmt" count="6"/>
        <line num="30" type="stmt" count="7"/>
        <line num="31" type="stmt" count="3"/>
        <line num="32" type="stmt" count="4"/>
        <line num="33" type="stmt" count="1"/>
        <line num="34" type="stmt" count="3"/>
        <line num="35" type="stmt" count="1"/>
        <line num="36" type="stmt" count="2"/>
        <line num="37" type="stmt" count="2"/>
        <line num="39" type="stmt" count="0"/>
        <line num="42" type="stmt" count="13"/>
        <line num="43" type="stmt" count="1"/>
        <line num="46" type="stmt" count="12"/>
        <line num="49" type="method" name="encode" visibility="public" complexity="6" crap="6.02" count="12"/>
        <line num="51" type="stmt" count="12"/>
        <line num="52" type="stmt" count="0"/>
        <line num="55" type="stmt" count="12"/>
        <line num="56" type="stmt" count="3"/>
        <line num="58" type="stmt" count="12"/>
        <line num="59" type="stmt" count="6"/>
        <line num="62" type="stmt" count="6"/>
        <line num="63" type="stmt" count="3"/>
        <line num="66" type="stmt" count="3"/>
        <line num="67" type="stmt" count="1"/>
        <line num="70" type="stmt" count="2"/>
        <line num="71" type="stmt" count="1"/>
        <line num="74" type="stmt" count="1"/>
        <metrics loc="77" ncloc="69" classes="1" methods="2" coveredmethods="0" conditionals="0" coveredconditionals="0" statements="32" coveredstatements="30" elements="34" coveredelements="30"/>
      </file>
    </package>
    <package name="ATProto\Core\MultiFormats\CID">
      <file name="/var/www/php/packages/atproto/atproto_core/src/MultiFormats/CID/CID.php">
        <class name="ATProto\Core\MultiFormats\CID\CID" namespace="ATProto\Core\MultiFormats\CID">
          <metrics complexity="4" methods="3" coveredmethods="2" conditionals="0" coveredconditionals="0" statements="7" coveredstatements="6" elements="10" coveredelements="8"/>
        </class>
        <line num="32" type="method" name="__construct" visibility="public" complexity="2" crap="2.03" count="4"/>
        <line num="38" type="stmt" count="4"/>
        <line num="39" type="stmt" count="4"/>
        <line num="41" type="stmt" count="4"/>
        <line num="43" type="stmt" count="4"/>
        <line num="44" type="stmt" count="0"/>
        <line num="48" type="method" name="generate" visibility="public" complexity="1" crap="1" count="4"/>
        <line num="50" type="stmt" count="4"/>
        <line num="53" type="method" name="__toString" visibility="public" complexity="1" crap="1" count="1"/>
        <line num="55" type="stmt" count="1"/>
        <metrics loc="58" ncloc="50" classes="1" methods="3" coveredmethods="2" conditionals="0" coveredconditionals="0" statements="7" coveredstatements="6" elements="10" coveredelements="8"/>
      </file>
      <file name="/var/www/php/packages/atproto/atproto_core/src/MultiFormats/CID/CIDVersion.php">
        <class name="ATProto\Core\MultiFormats\CID\CIDVersion" namespace="ATProto\Core\MultiFormats\CID">
          <metrics complexity="1" methods="1" coveredmethods="1" conditionals="0" coveredconditionals="0" statements="1" coveredstatements="1" elements="2" coveredelements="2"/>
        </class>
        <line num="20" type="method" name="setCID" visibility="public" complexity="1" crap="1" count="4"/>
        <line num="22" type="stmt" count="4"/>
        <metrics loc="27" ncloc="19" classes="1" methods="1" coveredmethods="1" conditionals="0" coveredconditionals="0" statements="1" coveredstatements="1" elements="2" coveredelements="2"/>
      </file>
    </package>
    <package name="ATProto\Core\MultiFormats\CID\Versions">
      <file name="/var/www/php/packages/atproto/atproto_core/src/MultiFormats/CID/Versions/CIDV1.php">
        <class name="ATProto\Core\MultiFormats\CID\Versions\CIDV1" namespace="ATProto\Core\MultiFormats\CID\Versions">
          <metrics complexity="1" methods="1" coveredmethods="1" conditionals="0" coveredconditionals="0" statements="4" coveredstatements="4" elements="5" coveredelements="5"/>
        </class>
        <line num="20" type="method" name="generate" visibility="public" complexity="1" crap="1" count="4"/>
        <line num="22" type="stmt" count="4"/>
        <line num="23" type="stmt" count="4"/>
        <line num="24" type="stmt" count="4"/>
        <line num="26" type="stmt" count="3"/>
        <metrics loc="29" ncloc="21" classes="1" methods="1" coveredmethods="1" conditionals="0" coveredconditionals="0" statements="4" coveredstatements="4" elements="5" coveredelements="5"/>
      </file>
    </package>
    <file name="/var/www/php/packages/atproto/atproto_core/src/MultiFormats/Interfaces/EncoderInterface.php">
      <metrics loc="19" ncloc="11" classes="0" methods="0" coveredmethods="0" conditionals="0" coveredconditionals="0" statements="0" coveredstatements="0" elements="0" coveredelements="0"/>
    </file>
    <package name="ATProto\Core\MultiFormats\MultiBase\Encoders">
      <file name="/var/www/php/packages/atproto/atproto_core/src/MultiFormats/MultiBase/Encoders/Base32.php">
        <class name="ATProto\Core\MultiFormats\MultiBase\Encoders\Base32" namespace="ATProto\Core\MultiFormats\MultiBase\Encoders">
          <metrics complexity="7" methods="2" coveredmethods="2" conditionals="0" coveredconditionals="0" statements="41" coveredstatements="41" elements="43" coveredelements="43"/>
        </class>
        <line num="46" type="method" name="encode" visibility="public" complexity="3" crap="3" count="9"/>
        <line num="48" type="stmt" count="9"/>
        <line num="49" type="stmt" count="1"/>
        <line num="53" type="stmt" count="8"/>
        <line num="54" type="stmt" count="8"/>
        <line num="55" type="stmt" count="8"/>
        <line num="56" type="stmt" count="8"/>
        <line num="57" type="stmt" count="8"/>
        <line num="58" type="stmt" count="8"/>
        <line num="59" type="stmt" count="8"/>
        <line num="60" type="stmt" count="8"/>
        <line num="63" type="stmt" count="8"/>
        <line num="64" type="stmt" count="8"/>
        <line num="65" type="stmt" count="7"/>
        <line num="68" type="stmt" count="8"/>
        <line num="69" type="stmt" count="8"/>
        <line num="71" type="stmt" count="8"/>
        <line num="82" type="method" name="decode" visibility="public" complexity="4" crap="4" count="27"/>
        <line num="84" type="stmt" count="27"/>
        <line num="85" type="stmt" count="1"/>
        <line num="89" type="stmt" count="26"/>
        <line num="90" type="stmt" count="1"/>
        <line num="93" type="stmt" count="25"/>
        <line num="96" type="stmt" count="25"/>
        <line num="99" type="stmt" count="25"/>
        <line num="102" type="stmt" count="25"/>
        <line num="105" type="stmt" count="25"/>
        <line num="106" type="stmt" count="25"/>
        <line num="107" type="stmt" count="25"/>
        <line num="108" type="stmt" count="25"/>
        <line num="109" type="stmt" count="25"/>
        <line num="110" type="stmt" count="25"/>
        <line num="111" type="stmt" count="25"/>
        <line num="112" type="stmt" count="25"/>
        <line num="113" type="stmt" count="25"/>
        <line num="114" type="stmt" count="25"/>
        <line num="117" type="stmt" count="25"/>
        <line num="118" type="stmt" count="25"/>
        <line num="119" type="stmt" count="25"/>
        <line num="121" type="stmt" count="25"/>
        <line num="122" type="stmt" count="25"/>
        <line num="123" type="stmt" count="25"/>
        <line num="124" type="stmt" count="25"/>
        <metrics loc="127" ncloc="82" classes="1" methods="2" coveredmethods="2" conditionals="0" coveredconditionals="0" statements="41" coveredstatements="41" elements="43" coveredelements="43"/>
      </file>
    </package>
    <file name="/var/www/php/packages/atproto/atproto_core/src/MultiFormats/MultiBase/MultiBaseEnum.php">
      <metrics loc="19" ncloc="10" classes="0" methods="0" coveredmethods="0" conditionals="0" coveredconditionals="0" statements="0" coveredstatements="0" elements="0" coveredelements="0"/>
    </file>
    <file name="/var/www/php/packages/atproto/atproto_core/src/MultiFormats/MultiCodecEnum.php">
      <metrics loc="21" ncloc="13" classes="0" methods="0" coveredmethods="0" conditionals="0" coveredconditionals="0" statements="0" coveredstatements="0" elements="0" coveredelements="0"/>
    </file>
    <package name="ATProto\Core\MultiFormats">
      <file name="/var/www/php/packages/atproto/atproto_core/src/MultiFormats/MultiHash.php">
        <class name="ATProto\Core\MultiFormats\MultiHash" namespace="ATProto\Core\MultiFormats">
          <metrics complexity="2" methods="1" coveredmethods="1" conditionals="0" coveredconditionals="0" statements="8" coveredstatements="8" elements="9" coveredelements="9"/>
        </class>
        <line num="20" type="method" name="generate" visibility="public" complexity="2" crap="2" count="11"/>
        <line num="22" type="stmt" count="11"/>
        <line num="23" type="stmt" count="2"/>
        <line num="26" type="stmt" count="9"/>
        <line num="28" type="stmt" count="9"/>
        <line num="29" type="stmt" count="9"/>
        <line num="30" type="stmt" count="9"/>
        <line num="31" type="stmt" count="9"/>
        <line num="32" type="stmt" count="9"/>
        <metrics loc="35" ncloc="27" classes="1" methods="1" coveredmethods="1" conditionals="0" coveredconditionals="0" statements="8" coveredstatements="8" elements="9" coveredelements="9"/>
      </file>
    </package>
    <file name="/var/www/php/packages/atproto/atproto_core/src/helpers.php">
      <metrics loc="10" ncloc="2" classes="0" methods="0" coveredmethods="0" conditionals="0" coveredconditionals="0" statements="0" coveredstatements="0" elements="0" coveredelements="0"/>
    </file>
    <metrics files="11" loc="456" ncloc="330" classes="7" methods="12" coveredmethods="8" conditionals="0" coveredconditionals="0" statements="98" coveredstatements="94" elements="110" coveredelements="102"/>
  </project>
</coverage>
